1
2
3
4
5
6
7
8
9
10
11
12
13
14
15
16
17
18
19
20
21
22
23
24
25
26
27
28
29
30
31
32
33
34
35
36
37
38
39
40
41
42
43
44
45
46
47
48
49
50
51
52
53
54
55
56
57
58
59
60
61
62
63
64
65
66
67
68
69
70
71
72
73
74
75
76
77
78
79
80
81
82
83
84
85
86
87
88
89
90
91
92
93
94
95
96
97
98
99
100
101
102
103
104
105
106
107
108
109
110
111
112
113
114
115
116
117
118
119
120
121
122
123
124
125
126
127
128
129
130
131
132
133
134
135
136
137
138
139
140
141
142
143
144
145
146
147
148
149
150
151
152
153
154
155
156
157
158
159
160
161
162
163
164
165
166
167
168
169
170
171
172
173
174
175
176
177
178
179
180
181
182
183
184
185
186
187
188
189
190
191
192
193
194
195
196
197
198
199
200
201
202
203
204
205
206
207
208
209
210
211
212
213
214
215
216
217
218
219
220
221
222
223
224
225
226
227
228
229
230
231
232
233
234
235
236
237
238
239
240
241
242
243
244
245
246
247
248
249
250
251
252
253
254
255
256
257
258
259
260
261
262
263
264
265
266
267
268
269
270
271
272
273
274
275
276
277
278
279
280
281
282
283
284
285
286
287
288
289
290
291
292
293
294
295
296
297
298
299
300
301
302
303
304
305
306
307
308
309
310
311
312
313
314
315
316
317
318
319
320
321
322
323
324
325
326
327
328
329
330
331
332
333
334
335
336
337
338
339
340
341
342
343
344
345
346
347
348
349
350
351
352
353
354
355
356
357
358
359
360
361
362
363
364
365
366
367
368
369
370
371
372
373
374
375
376
377
378
379
380
381
382
383
384
385
386
387
388
389
390
391
392
393
394
395
396
397
398
399
400
401
402
403
404
405
406
407
408
409
410
411
412
413
414
415
416
417
418
419
420
421
422
423
424
425
426
427
428
429
430
431
432
433
434
435
436
437
438
439
440
441
442
443
444
445
446
447
448
449
450
451
452
453
454
455
456
457
458
459
460
461
462
463
464
465
466
467
468
469
470
471
472
473
474
475
476
477
478
479
480
481
482
483
484
485
486
487
488
489
490
491
492
493
494
495
496
497
498
499
500
501
502
503
504
505
506
507
508
509
510
511
512
513
514
515
516
517
518
519
520
521
522
523
524
525
526
527
528
529
530
531
532
533
534
535
536
537
538
539
540
541
542
543
544
545
546
547
548
549
550
551
552
553
554
555
556
557
558
559
560
561
562
563
564
565
566
567
568
569
570
571
572
573
574
575
576
577
578
579
580
581
582
583
584
585
586
587
588
589
590
591
592
593
594
595
596
597
598
599
600
4601
4602
4603
4604
4605
4606
4607
4608
4609
4610
4611
4612
4613
4614
4615
4616
4617
4618
4619
4620
4621
4622
4623
4624
4625
4626
4627
4628
4629
4630
4631
4632
4633
4634
4635
4636
4637
4638
4639
4640
4641
4642
4643
4644
4645
4646
4647
4648
4649
4650
4651
4652
4653
4654
4655
4656
4657
4658
4659
4660
4661
4662
4663
4664
4665
4666
4667
4668
4669
4670
4671
4672
4673
4674
4675
4676
4677
4678
4679
4680
4681
4682
4683
4684
4685
4686
4687
4688
4689
4690
4691
4692
4693
4694
4695
4696
4697
4698
4699
4700
4701
4702
4703
4704
4705
4706
4707
4708
4709
4710
4711
4712
4713
4714
4715
4716
4717
4718
4719
4720
4721
4722
4723
4724
4725
4726
4727
4728
4729
4730
4731
4732
4733
4734
4735
4736
4737
4738
4739
4740
4741
4742
4743
4744
4745
4746
4747
4748
4749
4750
4751
4752
4753
4754
4755
4756
4757
4758
4759
4760
4761
4762
4763
4764
4765
4766
4767
4768
4769
4770
4771
4772
4773
4774
4775
4776
4777
4778
4779
4780
4781
4782
4783
4784
4785
4786
4787
4788
4789
4790
4791
4792
4793
4794
4795
4796
4797
4798
4799
4800
4801
4802
4803
4804
4805
4806
4807
4808
4809
4810
4811
4812
4813
4814
4815
4816
4817
4818
4819
4820
4821
4822
4823
4824
4825
4826
4827
4828
4829
4830
4831
4832
4833
4834
4835
4836
4837
4838
4839
4840
4841
4842
4843
4844
4845
4846
4847
4848
4849
4850
4851
4852
4853
4854
4855
4856
4857
4858
4859
4860
4861
4862
4863
4864
4865
4866
4867
4868
4869
4870
4871
4872
4873
4874
4875
4876
4877
4878
4879
4880
4881
4882
4883
4884
4885
4886
4887
4888
4889
4890
4891
4892
4893
4894
4895
4896
4897
4898
4899
4900
4901
4902
4903
4904
4905
4906
4907
4908
4909
4910
4911
4912
4913
4914
4915
4916
4917
4918
4919
4920
4921
4922
4923
4924
4925
4926
4927
4928
4929
4930
4931
4932
4933
4934
4935
4936
4937
4938
4939
4940
4941
4942
4943
4944
4945
4946
4947
4948
4949
4950
4951
4952
4953
4954
4955
4956
4957
4958
4959
4960
4961
4962
4963
4964
4965
4966
4967
4968
4969
4970
4971
4972
4973
4974
4975
4976
4977
4978
4979
4980
4981
4982
4983
4984
4985
4986
4987
4988
4989
4990
4991
4992
4993
4994
4995
4996
4997
4998
4999
5000
1
1
2
2
3
3
4
4
5
5
6
6
7
7
8
8
9
9
10
10
11
11
12
12
13
13
14
14
15
15
16
16
17
17
18
18
19
19
20
20
21
21
22
22
23
23
24
24
25
25
26
26
27
27
28
28
29
29
30
30
31
31
32
32
33
33
34
34
35
35
36
36
37
37
38
38
39
39
40
40
41
41
42
42
43
43
44
44
45
45
46
46
47
47
48
48
49
49
50
50
51
51
52
52
53
53
54
54
55
55
56
56
57
57
58
58
59
59
60
60
61
61
62
62
63
63
64
64
65
65
66
66
67
67
68
68
69
69
70
70
71
71
72
72
73
73
74
74
75
75
76
76
77
77
78
78
79
79
80
80
81
81
82
82
83
83
84
84
85
85
86
86
87
87
88
88
89
89
90
90
91
91
92
92
93
93
94
94
95
95
96
96
97
97
98
98
99
99
100
100
101
101
102
102
103
103
104
104
105
105
106
106
107
107
108
108
109
109
110
110
111
111
112
112
113
113
114
114
115
115
116
116
117
117
118
118
119
119
120
120
121
121
122
122
123
123
124
124
125
125
126
126
127
127
128
128
129
129
130
130
131
131
132
132
133
133
134
134
135
135
136
136
137
137
138
138
139
139
140
140
141
141
142
142
143
143
144
144
145
145
146
146
147
147
148
148
149
149
150
150
151
151
152
152
153
153
154
154
155
155
156
156
157
157
158
158
159
159
160
160
161
161
162
162
163
163
164
164
165
165
166
166
167
167
168
168
169
169
170
170
171
171
172
172
173
173
174
174
175
175
176
176
177
177
178
178
179
179
180
180
181
181
182
182
183
183
184
184
185
185
186
186
187
187
188
188
189
189
190
190
191
191
192
192
193
193
194
194
195
195
196
196
197
197
198
198
199
199
200
200
201
201
202
202
203
203
204
204
205
205
206
206
207
207
208
208
209
209
210
210
211
211
212
212
213
213
214
214
215
215
216
216
217
217
218
218
219
219
220
220
221
221
222
222
223
223
224
224
225
225
226
226
227
227
228
228
229
229
230
230
231
231
232
232
233
233
234
234
235
235
236
236
237
237
238
238
239
239
240
240
241
241
242
242
243
243
244
244
245
245
246
246
247
247
248
248
249
249
250
250
251
251
252
252
253
253
254
254
255
255
256
256
257
257
258
258
259
259
260
260
261
261
262
262
263
263
264
264
265
265
266
266
267
267
268
268
269
269
270
270
271
271
272
272
273
273
274
274
275
275
276
276
277
277
278
278
279
279
280
280
281
281
282
282
283
283
284
284
285
285
286
286
287
287
288
288
289
289
290
290
291
291
292
292
293
293
294
294
295
295
296
296
297
297
298
298
299
299
300
300
2301
2301
2302
2302
2303
2303
2304
2304
2305
2305
2306
2306
2307
2307
2308
2308
2309
2309
2310
2310
2311
2311
2312
2312
2313
2313
2314
2314
2315
2315
2316
2316
2317
2317
2318
2318
2319
2319
2320
2320
2321
2321
2322
2322
2323
2323
2324
2324
2325
2325
2326
2326
2327
2327
2328
2328
2329
2329
2330
2330
2331
2331
2332
2332
2333
2333
2334
2334
2335
2335
2336
2336
2337
2337
2338
2338
2339
2339
2340
2340
2341
2341
2342
2342
2343
2343
2344
2344
2345
2345
2346
2346
2347
2347
2348
2348
2349
2349
2350
2350
2351
2351
2352
2352
2353
2353
2354
2354
2355
2355
2356
2356
2357
2357
2358
2358
2359
2359
2360
2360
2361
2361
2362
2362
2363
2363
2364
2364
2365
2365
2366
2366
2367
2367
2368
2368
2369
2369
2370
2370
2371
2371
2372
2372
2373
2373
2374
2374
2375
2375
2376
2376
2377
2377
2378
2378
2379
2379
2380
2380
2381
2381
2382
2382
2383
2383
2384
2384
2385
2385
2386
2386
2387
2387
2388
2388
2389
2389
2390
2390
2391
2391
2392
2392
2393
2393
2394
2394
2395
2395
2396
2396
2397
2397
2398
2398
2399
2399
2400
2400
2401
2401
2402
2402
2403
2403
2404
2404
2405
2405
2406
2406
2407
2407
2408
2408
2409
2409
2410
2410
2411
2411
2412
2412
2413
2413
2414
2414
2415
2415
2416
2416
2417
2417
2418
2418
2419
2419
2420
2420
2421
2421
2422
2422
2423
2423
2424
2424
2425
2425
2426
2426
2427
2427
2428
2428
2429
2429
2430
2430
2431
2431
2432
2432
2433
2433
2434
2434
2435
2435
2436
2436
2437
2437
2438
2438
2439
2439
2440
2440
2441
2441
2442
2442
2443
2443
2444
2444
2445
2445
2446
2446
2447
2447
2448
2448
2449
2449
2450
2450
2451
2451
2452
2452
2453
2453
2454
2454
2455
2455
2456
2456
2457
2457
2458
2458
2459
2459
2460
2460
2461
2461
2462
2462
2463
2463
2464
2464
2465
2465
2466
2466
2467
2467
2468
2468
2469
2469
2470
2470
2471
2471
2472
2472
2473
2473
2474
2474
2475
2475
2476
2476
2477
2477
2478
2478
2479
2479
2480
2480
2481
2481
2482
2482
2483
2483
2484
2484
2485
2485
2486
2486
2487
2487
2488
2488
2489
2489
2490
2490
2491
2491
2492
2492
2493
2493
2494
2494
2495
2495
2496
2496
2497
2497
2498
2498
2499
2499
2500
2500
1
1
1
2
2
2
3
3
3
4
4
4
5
5
5
6
6
6
7
7
7
8
8
8
9
9
9
10
10
10
11
11
11
12
12
12
13
13
13
14
14
14
15
15
15
16
16
16
17
17
17
18
18
18
19
19
19
20
20
20
21
21
21
22
22
22
23
23
23
24
24
24
25
25
25
26
26
26
27
27
27
28
28
28
29
29
29
30
30
30
31
31
31
32
32
32
33
33
33
34
34
34
35
35
35
36
36
36
37
37
37
38
38
38
39
39
39
40
40
40
41
41
41
42
42
42
43
43
43
44
44
44
45
45
45
46
46
46
47
47
47
48
48
48
49
49
49
50
50
50
51
51
51
52
52
52
53
53
53
54
54
54
55
55
55
56
56
56
57
57
57
58
58
58
59
59
59
60
60
60
61
61
61
62
62
62
63
63
63
64
64
64
65
65
65
66
66
66
67
67
67
68
68
68
69
69
69
70
70
70
71
71
71
72
72
72
73
73
73
74
74
74
75
75
75
76
76
76
77
77
77
78
78
78
79
79
79
80
80
80
81
81
81
82
82
82
83
83
83
84
84
84
85
85
85
86
86
86
87
87
87
88
88
88
89
89
89
90
90
90
91
91
91
92
92
92
93
93
93
94
94
94
95
95
95
96
96
96
97
97
97
98
98
98
99
99
99
100
100
100
101
101
101
102
102
102
103
103
103
104
104
104
105
105
105
106
106
106
107
107
107
108
108
108
109
109
109
110
110
110
111
111
111
112
112
112
113
113
113
114
114
114
115
115
115
116
116
116
117
117
117
118
118
118
119
119
119
120
120
120
121
121
121
122
122
122
123
123
123
124
124
124
125
125
125
126
126
126
127
127
127
128
128
128
129
129
129
130
130
130
131
131
131
132
132
132
133
133
133
134
134
134
135
135
135
136
136
136
137
137
137
138
138
138
139
139
139
140
140
140
141
141
141
142
142
142
143
143
143
144
144
144
145
145
145
146
146
146
147
147
147
148
148
148
149
149
149
150
150
150
151
151
151
152
152
152
153
153
153
154
154
154
155
155
155
156
156
156
157
157
157
158
158
158
159
159
159
160
160
160
161
161
161
162
162
162
163
163
163
164
164
164
165
165
165
166
166
166
167
167
167
168
168
168
169
169
169
170
170
170
171
171
171
172
172
172
173
173
173
174
174
174
175
175
175
176
176
176
177
177
177
178
178
178
179
179
179
180
180
180
181
181
181
182
182
182
183
183
183
184
184
184
185
185
185
186
186
186
187
187
187
188
188
188
189
189
189
190
190
190
191
191
191
192
192
192
193
193
193
194
194
194
195
195
195
196
196
196
197
197
197
198
198
198
199
199
199
200
200
200
1534
1534
1535
1535
1535
1536
1536
1536
1537
1537
1537
1538
1538
1538
1539
1539
1539
1540
1540
1540
1541
1541
1541
1542
1542
1542
1543
1543
1543
1544
1544
1544
1545
1545
1545
1546
1546
1546
1547
1547
1547
1548
1548
1548
1549
1549
1549
1550
1550
1550
1551
1551
1551
1552
1552
1552
1553
1553
1553
1554
1554
1554
1555
1555
1555
1556
1556
1556
1557
1557
1557
1558
1558
1558
1559
1559
1559
1560
1560
1560
1561
1561
1561
1562
1562
1562
1563
1563
1563
1564
1564
1564
1565
1565
1565
1566
1566
1566
1567
1567
1567
1568
1568
1568
1569
1569
1569
1570
1570
1570
1571
1571
1571
1572
1572
1572
1573
1573
1573
1574
1574
1574
1575
1575
1575
1576
1576
1576
1577
1577
1577
1578
1578
1578
1579
1579
1579
1580
1580
1580
1581
1581
1581
1582
1582
1582
1583
1583
1583
1584
1584
1584
1585
1585
1585
1586
1586
1586
1587
1587
1587
1588
1588
1588
1589
1589
1589
1590
1590
1590
1591
1591
1591
1592
1592
1592
1593
1593
1593
1594
1594
1594
1595
1595
1595
1596
1596
1596
1597
1597
1597
1598
1598
1598
1599
1599
1599
1600
1600
1600
1601
1601
1601
1602
1602
1602
1603
1603
1603
1604
1604
1604
1605
1605
1605
1606
1606
1606
1607
1607
1607
1608
1608
1608
1609
1609
1609
1610
1610
1610
1611
1611
1611
1612
1612
1612
1613
1613
1613
1614
1614
1614
1615
1615
1615
1616
1616
1616
1617
1617
1617
1618
1618
1618
1619
1619
1619
1620
1620
1620
1621
1621
1621
1622
1622
1622
1623
1623
1623
1624
1624
1624
1625
1625
1625
1626
1626
1626
1627
1627
1627
1628
1628
1628
1629
1629
1629
1630
1630
1630
1631
1631
1631
1632
1632
1632
1633
1633
1633
1634
1634
1634
1635
1635
1635
1636
1636
1636
1637
1637
1637
1638
1638
1638
1639
1639
1639
1640
1640
1640
1641
1641
1641
1642
1642
1642
1643
1643
1643
1644
1644
1644
1645
1645
1645
1646
1646
1646
1647
1647
1647
1648
1648
1648
1649
1649
1649
1650
1650
1650
1651
1651
1651
1652
1652
1652
1653
1653
1653
1654
1654
1654
1655
1655
1655
1656
1656
1656
1657
1657
1657
1658
1658
1658
1659
1659
1659
1660
1660
1660
1661
1661
1661
1662
1662
1662
1663
1663
1663
1664
1664
1664
1665
1665
1665
1666
1666
1666
1667
1667
1
1
1
2
1
2
2
2
3
2
3
3
3
4
3
4
4
4
5
4
5
5
5
6
5
6
6
6
7
6
7
7
7
8
7
8
8
8
9
8
9
9
9
10
9
10
10
10
11
10
11
11
11
12
11
12
12
12
13
12
13
13
13
14
13
14
14
14
15
14
15
15
15
16
15
16
16
16
17
16
17
17
17
18
17
18
18
18
19
18
19
19
19
20
19
20
20
20
21
20
21
21
21
22
21
22
22
22
23
22
23
23
23
24
23
24
24
24
25
24
25
25
25
26
25
26
26
26
27
26
27
27
27
28
27
28
28
28
29
28
29
29
29
30
29
30
30
30
31
30
31
31
31
32
31
32
32
32
33
32
33
33
33
34
33
34
34
34
35
34
35
35
35
36
35
36
36
36
37
36
37
37
37
38
37
38
38
38
39
38
39
39
39
40
39
40
40
40
41
40
41
41
41
42
41
42
42
42
43
42
43
43
43
44
43
44
44
44
45
44
45
45
45
46
45
46
46
46
47
46
47
47
47
48
47
48
48
48
49
48
49
49
49
50
49
50
50
50
51
50
51
51
51
52
51
52
52
52
53
52
53
53
53
54
53
54
54
54
55
54
55
55
55
56
55
56
56
56
57
56
57
57
57
58
57
58
58
58
59
58
59
59
59
60
59
60
60
60
61
60
61
61
61
62
61
62
62
62
63
62
63
63
63
64
63
64
64
64
65
64
65
65
65
66
65
66
66
66
67
66
67
67
67
68
67
68
68
68
69
68
69
69
69
70
69
70
70
70
71
70
71
71
71
72
71
72
72
72
73
72
73
73
73
74
73
74
74
74
75
74
75
75
75
76
75
76
76
76
77
76
77
77
77
78
77
78
78
78
79
78
79
79
79
80
79
80
80
80
81
80
81
81
81
82
81
82
82
82
83
82
83
83
83
84
83
84
84
84
85
84
85
85
85
86
85
86
86
86
87
86
87
87
87
88
87
88
88
88
89
88
89
89
89
90
89
90
90
90
91
90
91
91
91
92
91
92
92
92
93
92
93
93
93
94
93
94
94
94
95
94
95
95
95
96
95
96
96
96
97
96
97
97
97
98
97
98
98
98
99
98
99
99
99
100
99
100
100
100
101
100
101
101
101
102
101
102
102
102
103
102
103
103
103
104
103
104
104
104
105
104
105
105
105
106
105
106
106
106
107
106
107
107
107
108
107
108
108
108
109
108
109
109
109
110
109
110
110
110
111
110
111
111
111
112
111
112
112
112
113
112
113
113
113
114
113
114
114
114
115
114
115
115
115
116
115
116
116
116
117
116
117
117
117
118
117
118
118
118
119
118
119
119
119
120
119
120
120
120
121
120
921
921
921
922
921
922
922
922
923
922
923
923
923
924
923
924
924
924
925
924
925
925
925
926
925
926
926
926
927
926
927
927
927
928
927
928
928
928
929
928
929
929
929
930
929
930
930
930
931
930
931
931
931
932
931
932
932
932
933
932
933
933
933
934
933
934
934
934
935
934
935
935
935
936
935
936
936
936
937
936
937
937
937
938
937
938
938
938
939
938
939
939
939
940
939
940
940
940
941
940
941
941
941
942
941
942
942
942
943
942
943
943
943
944
943
944
944
944
945
944
945
945
945
946
945
946
946
946
947
946
947
947
947
948
947
948
948
948
949
948
949
949
949
950
949
950
950
950
951
950
951
951
951
952
951
952
952
952
953
952
953
953
953
954
953
954
954
954
955
954
955
955
955
956
955
956
956
956
957
956
957
957
957
958
957
958
958
958
959
958
959
959
959
960
959
960
960
960
961
960
961
961
961
962
961
962
962
962
963
962
963
963
963
964
963
964
964
964
965
964
965
965
965
966
965
966
966
966
967
966
967
967
967
968
967
968
968
968
969
968
969
969
969
970
969
970
970
970
971
970
971
971
971
972
971
972
972
972
973
972
973
973
973
974
973
974
974
974
975
974
975
975
975
976
975
976
976
976
977
976
977
977
977
978
977
978
978
978
979
978
979
979
979
980
979
980
980
980
981
980
981
981
981
982
981
982
982
982
983
982
983
983
983
984
983
984
984
984
985
984
985
985
985
986
985
986
986
986
987
986
987
987
987
988
987
988
988
988
989
988
989
989
989
990
989
990
990
990
991
990
991
991
991
992
991
992
992
992
993
992
993
993
993
994
993
994
994
994
995
994
995
995
995
996
995
996
996
996
997
996
997
997
997
998
997
998
998
998
999
998
999
999
999
1000
999
1000
1000
1000
1001
1000
1
1
1
2
1
2
1
2
2
2
3
2
3
2
3
3
3
4
3
4
3
4
4
4
5
4
5
4
5
5
5
6
5
6
5
6
6
6
7
6
7
6
7
7
7
8
7
8
7
8
8
8
9
8
9
8
9
9
9
10
9
10
9
10
10
10
11
10
11
10
11
11
11
12
11
12
11
12
12
12
13
12
13
12
13
13
13
14
13
14
13
14
14
14
15
14
15
14
15
15
15
16
15
16
15
16
16
16
17
16
17
16
17
17
17
18
17
18
17
18
18
18
19
18
19
18
19
19
19
20
19
20
19
20
20
20
21
20
21
20
21
21
21
22
21
22
21
22
22
22
23
22
23
22
23
23
23
24
23
24
23
24
24
24
25
24
25
24
25
25
25
26
25
26
25
26
26
26
27
26
27
26
27
27
27
28
27
28
27
28
28
28
29
28
29
28
29
29
29
30
29
30
29
30
30
30
31
30
31
30
31
31
31
32
31
32
31
32
32
32
33
32
33
32
33
33
33
34
33
34
33
34
34
34
35
34
35
34
35
35
35
36
35
36
35
36
36
36
37
36
37
36
37
37
37
38
37
38
37
38
38
38
39
38
39
38
39
39
39
40
39
40
39
40
40
40
41
40
41
40
41
41
41
42
41
42
41
42
42
42
43
42
43
42
43
43
43
44
43
44
43
44
44
44
45
44
45
44
45
45
45
46
45
46
45
46
46
46
47
46
47
46
47
47
47
48
47
48
47
48
48
48
49
48
49
48
49
49
49
50
49
50
49
50
50
50
51
50
51
50
51
51
51
52
51
52
51
52
52
52
53
52
53
52
53
53
53
54
53
54
53
54
54
54
55
54
55
54
55
55
55
56
55
56
55
56
56
56
57
56
57
56
57
57
57
58
57
58
57
58
58
58
59
58
59
58
59
59
59
60
59
60
59
60
60
60
61
60
61
60
61
61
61
62
61
62
61
62
62
62
63
62
63
62
63
63
63
64
63
64
63
64
64
64
65
64
65
64
65
65
65
66
65
66
65
66
66
66
67
66
67
66
67
67
67
68
67
68
67
68
68
68
69
68
69
68
69
69
69
70
69
70
69
70
70
70
71
70
71
70
71
71
71
72
71
72
71
72
72
72
73
72
73
72
73
73
73
74
73
74
73
74
74
74
75
74
75
74
75
75
75
76
75
76
75
76
76
76
77
76
77
76
77
77
77
78
77
78
77
78
78
78
79
78
79
78
79
79
79
80
79
80
79
80
80
80
81
80
81
80
81
81
81
82
81
82
81
82
82
82
83
82
83
82
83
83
83
84
83
84
83
84
84
84
85
84
85
84
85
85
85
86
85
86
85
86
86
86
87
86
658
658
659
658
659
658
659
659
659
660
659
660
659
660
660
660
661
660
661
660
661
661
661
662
661
662
661
662
662
662
663
662
663
662
663
663
663
664
663
664
663
664
664
664
665
664
665
664
665
665
665
666
665
666
665
666
666
666
667
666
667
666
667
667
667
668
667
668
667
668
668
668
669
668
669
668
669
669
669
670
669
670
669
670
670
670
671
670
671
670
671
671
671
672
671
672
671
672
672
672
673
672
673
672
673
673
673
674
673
674
673
674
674
674
675
674
675
674
675
675
675
676
675
676
675
676
676
676
677
676
677
676
677
677
677
678
677
678
677
678
678
678
679
678
679
678
679
679
679
680
679
680
679
680
680
680
681
680
681
680
681
681
681
682
681
682
681
682
682
682
683
682
683
682
683
683
683
684
683
684
683
684
684
684
685
684
685
684
685
685
685
686
685
686
685
686
686
686
687
686
687
686
687
687
687
688
687
688
687
688
688
688
689
688
689
688
689
689
689
690
689
690
689
690
690
690
691
690
691
690
691
691
691
692
691
692
691
692
692
692
693
692
693
692
693
693
693
694
693
694
693
694
694
694
695
694
695
694
695
695
695
696
695
696
695
696
696
696
697
696
697
696
697
697
697
698
697
698
697
698
698
698
699
698
699
698
699
699
699
700
699
700
699
700
700
700
701
700
701
700
701
701
701
702
701
702
701
702
702
702
703
702
703
702
703
703
703
704
703
704
703
704
704
704
705
704
705
704
705
705
705
706
705
706
705
706
706
706
707
706
707
706
707
707
707
708
707
708
707
708
708
708
709
708
709
708
709
709
709
710
709
710
709
710
710
710
711
710
711
710
711
711
711
712
711
712
711
712
712
712
713
712
713
712
713
713
713
714
713
714
713
714
714
714
715
714
715
714
715
715
1
1
1
2
1
2
1
2
2
2
1
2
2
2
3
2
3
2
3
3
3
2
3
3
3
4
3
4
3
4
4
4
3
4
4
4
5
4
5
4
5
5
5
4
5
5
5
6
5
6
5
6
6
6
5
6
6
6
7
6
7
6
7
7
7
6
7
7
7
8
7
8
7
8
8
8
7
8
8
8
9
8
9
8
9
9
9
8
9
9
9
10
9
10
9
10
10
10
9
10
10
10
11
10
11
10
11
11
11
10
11
11
11
12
11
12
11
12
12
12
11
12
12
12
13
12
13
12
13
13
13
12
13
13
13
14
13
14
13
14
14
14
13
14
14
14
15
14
15
14
15
15
15
14
15
15
15
16
15
16
15
16
16
16
15
16
16
16
17
16
17
16
17
17
17
16
17
17
17
18
17
18
17
18
18
18
17
18
18
18
19
18
19
18
19
19
19
18
19
19
19
20
19
20
19
20
20
20
19
20
20
20
21
20
21
20
21
21
21
20
21
21
21
22
21
22
21
22
22
22
21
22
22
22
23
22
23
22
23
23
23
22
23
23
23
24
23
24
23
24
24
24
23
24
24
24
25
24
25
24
25
25
25
24
25
25
25
26
25
26
25
26
26
26
25
26
26
26
27
26
27
26
27
27
27
26
27
27
27
28
27
28
27
28
28
28
27
28
28
28
29
28
29
28
29
29
29
28
29
29
29
30
29
30
29
30
30
30
29
30
30
30
31
30
31
30
31
31
31
30
31
31
31
32
31
32
31
32
32
32
31
32
32
32
33
32
33
32
33
33
33
32
33
33
33
34
33
34
33
34
34
34
33
34
34
34
35
34
35
34
35
35
35
34
35
35
35
36
35
36
35
36
36
36
35
36
36
36
37
36
37
36
37
37
37
36
37
37
37
38
37
38
37
38
38
38
37
38
38
38
39
38
39
38
39
39
39
38
39
39
39
40
39
40
39
40
40
40
39
40
40
40
41
40
41
40
41
41
41
40
41
41
41
42
41
42
41
42
42
42
41
42
42
42
43
42
43
42
43
43
43
42
43
43
43
44
43
44
43
44
44
44
43
44
44
44
45
44
45
44
45
45
45
44
45
45
45
46
45
46
45
46
46
46
45
46
46
46
47
46
47
46
47
47
47
46
47
47
47
48
47
48
47
48
48
48
47
48
48
48
49
48
49
48
49
49
49
48
49
49
49
50
49
50
49
50
50
50
49
50
50
50
51
50
51
50
51
51
51
50
51
51
51
52
51
52
51
52
52
52
51
52
52
52
53
52
53
52
53
53
53
52
53
53
53
54
53
54
53
54
54
54
53
54
54
54
55
54
55
54
55
55
55
54
55
55
55
56
55
56
419
420
419
420
419
420
420
420
419
420
420
420
421
420
421
420
421
421
421
420
421
421
421
422
421
422
421
422
422
422
421
422
422
422
423
422
423
422
423
423
423
422
423
423
423
424
423
424
423
424
424
424
423
424
424
424
425
424
425
424
425
425
425
424
425
425
425
426
425
426
425
426
426
426
425
426
426
426
427
426
427
426
427
427
427
426
427
427
427
428
427
428
427
428
428
428
427
428
428
428
429
428
429
428
429
429
429
428
429
429
429
430
429
430
429
430
430
430
429
430
430
430
431
430
431
430
431
431
431
430
431
431
431
432
431
432
431
432
432
432
431
432
432
432
433
432
433
432
433
433
433
432
433
433
433
434
433
434
433
434
434
434
433
434
434
434
435
434
435
434
435
435
435
434
435
435
435
436
435
436
435
436
436
436
435
436
436
436
437
436
437
436
437
437
437
436
437
437
437
438
437
438
437
438
438
438
437
438
438
438
439
438
439
438
439
439
439
438
439
439
439
440
439
440
439
440
440
440
439
440
440
440
441
440
441
440
441
441
441
440
441
441
441
442
441
442
441
442
442
442
441
442
442
442
443
442
443
442
443
443
443
442
443
443
443
444
443
444
443
444
444
444
443
444
444
444
445
444
445
444
445
445
445
444
445
445
445
446
445
446
445
446
446
446
445
446
446
446
447
446
447
446
447
447
447
446
447
447
447
448
447
448
447
448
448
448
447
448
448
448
449
448
449
448
449
449
449
448
449
449
449
450
449
450
449
450
450
450
449
450
450
450
451
450
451
450
451
451
451
450
451
451
451
452
451
452
451
452
452
452
451
452
452
452
453
452
453
452
453
453
453
452
453
453
453
454
453
454
453
454
454
454
453
454
454
454
455
454
455
454
455
455
455
454
455
455
455
456
455
456
1
1
1
2
1
2
1
2
2
2
1
2
1
2
2
2
3
2
3
2
3
2
3
2
3
2
3
3
3
4
3
4
3
4
3
4
3
4
3
4
4
4
5
4
5
4
5
4
5
4
5
4
5
5
5
6
5
6
5
6
5
6
5
6
5
6
6
6
7
6
7
6
7
6
7
6
7
6
7
7
7
8
7
8
7
8
7
8
7
8
7
8
8
8
9
8
9
8
9
8
9
8
9
8
9
9
9
10
9
10
9
10
9
10
9
10
9
10
10
10
11
10
11
10
11
10
11
10
11
10
11
11
11
12
11
12
11
12
11
12
11
12
11
12
12
12
13
12
13
12
13
12
13
12
13
12
13
13
13
14
13
14
13
14
13
14
13
14
13
14
14
14
15
14
15
14
15
14
15
14
15
14
15
15
15
16
15
16
15
16
15
16
15
16
15
16
16
16
17
16
17
16
17
16
17
16
17
16
17
17
17
18
17
18
17
18
17
18
17
18
17
18
18
18
19
18
19
18
19
18
19
18
19
18
19
19
19
20
19
20
19
20
19
20
19
20
19
20
20
20
21
20
21
20
21
20
21
20
21
20
21
21
21
22
21
22
21
22
21
22
21
22
21
22
22
22
23
22
23
22
23
22
23
22
23
22
23
23
23
24
23
24
23
24
23
24
23
24
23
24
24
24
25
24
25
24
25
24
25
24
25
24
25
25
25
26
25
26
25
26
25
26
25
26
25
26
26
26
27
26
27
26
27
26
27
26
27
26
27
27
27
28
27
28
27
28
27
28
27
28
27
28
28
28
29
28
29
28
29
28
29
28
29
28
29
29
29
30
29
30
29
30
29
30
29
30
29
30
30
30
31
30
31
30
31
30
31
30
31
30
31
31
31
32
31
32
31
32
31
32
31
32
31
32
32
32
33
32
33
32
33
32
33
32
33
32
33
33
33
34
33
34
33
34
33
34
33
34
33
34
34
34
35
34
35
34
35
34
35
34
35
34
35
35
35
36
35
36
35
36
35
36
35
36
35
36
36
36
37
36
37
36
37
36
37
36
37
36
37
37
37
38
37
38
37
38
37
38
37
38
37
38
38
38
39
38
39
38
39
38
39
38
39
38
39
39
39
40
39
40
39
40
39
40
39
40
39
40
40
40
41
40
41
40
41
40
41
40
41
40
41
41
41
42
41
42
41
42
41
42
41
42
41
42
42
42
43
42
43
42
43
42
43
42
43
42
43
43
43
44
43
44
43
44
43
44
43
44
43
44
44
44
45
44
45
44
45
44
45
44
45
44
45
45
45
46
45
46
45
46
45
46
45
46
45
46
46
46
47
46
47
46
47
46
47
46
47
46
47
47
355
354
355
355
355
356
355
356
355
356
355
356
355
356
355
356
356
356
357
356
357
356
357
356
357
356
357
356
357
357
357
358
357
358
357
358
357
358
357
358
357
358
358
358
359
358
359
358
359
358
359
358
359
358
359
359
359
360
359
360
359
360
359
360
359
360
359
360
360
360
361
360
361
360
361
360
361
360
361
360
361
361
361
362
361
362
361
362
361
362
361
362
361
362
362
362
363
362
363
362
363
362
363
362
363
362
363
363
363
364
363
364
363
364
363
364
363
364
363
364
364
364
365
364
365
364
365
364
365
364
365
364
365
365
365
366
365
366
365
366
365
366
365
366
365
366
366
366
367
366
367
366
367
366
367
366
367
366
367
367
367
368
367
368
367
368
367
368
367
368
367
368
368
368
369
368
369
368
369
368
369
368
369
368
369
369
369
370
369
370
369
370
369
370
369
370
369
370
370
370
371
370
371
370
371
370
371
370
371
370
371
371
371
372
371
372
371
372
371
372
371
372
371
372
372
372
373
372
373
372
373
372
373
372
373
372
373
373
373
374
373
374
373
374
373
374
373
374
373
374
374
374
375
374
375
374
375
374
375
374
375
374
375
375
375
376
375
376
375
376
375
376
375
376
375
376
376
376
377
376
377
376
377
376
377
376
377
376
377
377
377
378
377
378
377
378
377
378
377
378
377
378
378
378
379
378
379
378
379
378
379
378
379
378
379
379
379
380
379
380
379
380
379
380
379
380
379
380
380
380
381
380
381
380
381
380
381
380
381
380
381
381
381
382
381
382
381
382
381
382
381
382
381
382
382
382
383
382
383
382
383
382
383
382
383
382
383
383
383
384
383
384
383
384
383
384
383
384
383
384
384
384
385
384
385
384
385
384
385
384
385
384
385
385
385
386
385
386
385
386
1
1
1
2
1
2
1
2
2
2
1
2
1
2
2
2
1
2
2
2
3
2
3
2
3
2
3
2
3
2
3
3
3
2
3
3
3
4
3
4
3
4
3
4
3
4
3
4
4
4
3
4
4
4
5
4
5
4
5
4
5
4
5
4
5
5
5
4
5
5
